<?xml version="1.0" encoding="utf-8" standalone="no"?>
<test-results xmlns:xsi="http://www.w3.org/2001/XMLSchema-instance" xsi:noNamespaceSchemaLocation="nunit_schema_2.5.xsd" name="Pester" total="10" errors="0" failures="0" not-run="39" inconclusive="0" ignored="0" skipped="0" invalid="0" date="2021-11-20" time="06:27:29">
  <environment clr-version="4.0.30319.42000" user-domain="WIN-CJRDA7ARBC1" cwd="C:\Code\heise-automatedlab" platform="Microsoft Windows Server 2019 Standard Evaluation|C:\Windows|\Device\Harddisk0\Partition2" machine-name="WIN-CJRDA7ARBC1" nunit-version="2.5.8.0" os-version="10.0.17763" user="Administrator" />
  <culture-info current-culture="en-US" current-uiculture="en-US" />
  <test-suite type="TestFixture" name="Pester" executed="True" result="Success" success="True" time="19.6337" asserts="0" description="Pester">
    <results>
      <test-suite type="TestFixture" name="C:\Program Files\WindowsPowerShell\Modules\AutomatedLabTest\5.39.0\internal\tests\CaRoot.tests.ps1" executed="True" result="Success" success="True" time="6.3091" asserts="0" description="C:\Program Files\WindowsPowerShell\Modules\AutomatedLabTest\5.39.0\internal\tests\CaRoot.tests.ps1">
        <results>
          <test-suite type="TestFixture" name="[TestLab] CaRoot" executed="True" result="Success" success="True" time="4.3223" asserts="0" description="[TestLab] CaRoot">
            <results>
              <test-suite type="TestFixture" name="[TestLab] CaRoot.Role deployment successful" executed="True" result="Success" success="True" time="4.1809" asserts="0" description="[TestLab] CaRoot.Role deployment successful">
                <results>
                  <test-case description="[CaRoot] Should return the correct amount of machines" name="[TestLab] CaRoot.Role deployment successful.[CaRoot] Should return the correct amount of machines" time="1.454" asserts="0" success="True" result="Success" executed="True" />
                  <test-suite type="ParameterizedTest" name="[TestLab] CaRoot.Role deployment successful.[DEMACA01] should have CertSvc running" executed="True" result="Success" success="True" time="0.4546" asserts="0" description="[DEMACA01] should have CertSvc running">
                    <results>
                      <test-case description="[DEMACA01] should have CertSvc running" name="[TestLab] CaRoot.Role deployment successful.[DEMACA01] should have CertSvc running(DEMACA01)" time="0.4546" asserts="0" success="True" result="Success" executed="True" />
                    </results>
                  </test-suite>
                  <test-suite type="ParameterizedTest" name="[TestLab] CaRoot.Role deployment successful.[DEMACA01] Should be discoverable" executed="True" result="Success" success="True" time="1.6685" asserts="0" description="[DEMACA01] Should be discoverable">
                    <results>
                      <test-case description="[DEMACA01] Should be discoverable" name="[TestLab] CaRoot.Role deployment successful.[DEMACA01] Should be discoverable(DEMACA01)" time="1.6685" asserts="0" success="True" result="Success" executed="True" />
                    </results>
                  </test-suite>
                </results>
              </test-suite>
            </results>
          </test-suite>
        </results>
      </test-suite>
      <test-suite type="TestFixture" name="C:\Program Files\WindowsPowerShell\Modules\AutomatedLabTest\5.39.0\internal\tests\FirstChildDC.tests.ps1" executed="True" result="Success" success="True" time="0.245" asserts="0" description="C:\Program Files\WindowsPowerShell\Modules\AutomatedLabTest\5.39.0\internal\tests\FirstChildDC.tests.ps1">
        <results>
          <test-suite type="TestFixture" name="[TestLab] FirstChildDC" executed="True" result="Success" success="True" time="0.0979" asserts="0" description="[TestLab] FirstChildDC">
            <results>
              <test-suite type="TestFixture" name="[TestLab] FirstChildDC.Role deployment successful" executed="True" result="Success" success="True" time="0.0886" asserts="0" description="[TestLab] FirstChildDC.Role deployment successful">
                <results>
                  <test-case description="[FirstChildDC] Should return the correct amount of machines" name="[TestLab] FirstChildDC.Role deployment successful.[FirstChildDC] Should return the correct amount of machines" time="0.0824" asserts="0" success="True" result="Success" executed="True" />
                </results>
              </test-suite>
            </results>
          </test-suite>
        </results>
      </test-suite>
      <test-suite type="TestFixture" name="C:\Program Files\WindowsPowerShell\Modules\AutomatedLabTest\5.39.0\internal\tests\RootDC.tests.ps1" executed="True" result="Success" success="True" time="9.0397" asserts="0" description="C:\Program Files\WindowsPowerShell\Modules\AutomatedLabTest\5.39.0\internal\tests\RootDC.tests.ps1">
        <results>
          <test-suite type="TestFixture" name="[TestLab] DC Generic" executed="True" result="Success" success="True" time="7.886" asserts="0" description="[TestLab] DC Generic">
            <results>
              <test-suite type="TestFixture" name="[TestLab] DC Generic.Role deployment successful" executed="True" result="Success" success="True" time="7.8787" asserts="0" description="[TestLab] DC Generic.Role deployment successful">
                <results>
                  <test-case description="[RootDC] Should return the correct amount of machines" name="[TestLab] DC Generic.Role deployment successful.[RootDC] Should return the correct amount of machines" time="0.2065" asserts="0" success="True" result="Success" executed="True" />
                  <test-suite type="ParameterizedTest" name="[TestLab] DC Generic.Role deployment successful.DC01 should have ADWS running" executed="True" result="Success" success="True" time="1.0402" asserts="0" description="DC01 should have ADWS running">
                    <results>
                      <test-case description="DC01 should have ADWS running" name="[TestLab] DC Generic.Role deployment successful.DC01 should have ADWS running(DC01)" time="0.5776" asserts="0" success="True" result="Success" executed="True" />
                      <test-case description="DEMADC01 should have ADWS running" name="[TestLab] DC Generic.Role deployment successful.DEMADC01 should have ADWS running" time="0.4627" asserts="0" success="True" result="Success" executed="True" />
                    </results>
                  </test-suite>
                  <test-suite type="ParameterizedTest" name="[TestLab] DC Generic.Role deployment successful.DC01 should respond to ADWS calls" executed="True" result="Success" success="True" time="6.6109" asserts="0" description="DC01 should respond to ADWS calls">
                    <results>
                      <test-case description="DC01 should respond to ADWS calls" name="[TestLab] DC Generic.Role deployment successful.DC01 should respond to ADWS calls(DC01)" time="2.7188" asserts="0" success="True" result="Success" executed="True" />
                      <test-case description="DEMADC01 should respond to ADWS calls" name="[TestLab] DC Generic.Role deployment successful.DEMADC01 should respond to ADWS calls" time="3.8921" asserts="0" success="True" result="Success" executed="True" />
                    </results>
                  </test-suite>
                </results>
              </test-suite>
            </results>
          </test-suite>
          <test-suite type="TestFixture" name="[TestLab] RootDC specific" executed="True" result="Success" success="True" time="8.8294" asserts="0" description="[TestLab] RootDC specific">
            <results>
              <test-suite type="ParameterizedTest" name="[TestLab] RootDC specific.DC01 should hold PDC emulator FSMO role" executed="True" result="Success" success="True" time="0.9249" asserts="0" description="DC01 should hold PDC emulator FSMO role">
                <results>
                  <test-case description="DC01 should hold PDC emulator FSMO role" name="[TestLab] RootDC specific.DC01 should hold PDC emulator FSMO role(DC01)" time="0.9249" asserts="0" success="True" result="Success" executed="True" />
                </results>
              </test-suite>
            </results>
          </test-suite>
        </results>
      </test-suite>
    </results>
  </test-suite>
</test-results>